<?xml version="1.0" encoding="UTF-8"?>
<robot generator="Robot 5.0.1 (Python 3.10.7 on win32)" generated="20221002 11:30:29.800" rpa="false" schemaversion="3">
<suite id="s1" name="Login" source="C:\qaAcademy\vdt-season2\trade-sticker\tests\login.robot">
<test id="s1-t1" name="Não deve logar com a senha incorreta" line="19">
<kw name="New Browser" library="Browser">
<arg>headless=False</arg>
<tag>BrowserControl</tag>
<tag>Setter</tag>
<doc>Create a new playwright Browser with specified options.</doc>
<msg timestamp="20221002 11:30:31.541" level="INFO">{"browser": "chromium", "headless": false, "devtools": false, "handleSIGHUP": true, "handleSIGINT": true, "handleSIGTERM": true, "slowMo": 0.0, "timeout": 30000.0, "deprecated_pos_args": [], "tracesDir": "C:\\qaAcademy\\vdt-season2\\trade-sticker\\logs\\browser\\traces\\756a9a42-fd5f-4e1a-926b-b286c71ff63a"}</msg>
<msg timestamp="20221002 11:30:33.623" level="INFO">Successfully created browser with options: {"browser":"chromium","headless":false,"devtools":false,"handleSIGHUP":true,"handleSIGINT":true,"handleSIGTERM":true,"slowMo":0,"timeout":30000,"deprecated_pos_args":[],"tracesDir":"C:\\qaAcademy\\vdt-season2\\trade-sticker\\logs\\browser\\traces\\756a9a42-fd5f-4e1a-926b-b286c71ff63a"}</msg>
<status status="PASS" starttime="20221002 11:30:31.540" endtime="20221002 11:30:33.623"/>
</kw>
<kw name="New Page" library="Browser">
<arg>https://trade-sticker-dev.vercel.app</arg>
<tag>BrowserControl</tag>
<tag>Setter</tag>
<doc>Open a new Page.</doc>
<msg timestamp="20221002 11:30:35.449" level="INFO">Successfully initialized new page object and opened url: https://trade-sticker-dev.vercel.app</msg>
<msg timestamp="20221002 11:30:35.449" level="INFO">No context was open. New context was automatically opened when this page is created.</msg>
<status status="PASS" starttime="20221002 11:30:33.631" endtime="20221002 11:30:35.450"/>
</kw>
<kw name="Fill Text" library="Browser">
<arg>css=input[name=email]</arg>
<arg>papito@gmail.com</arg>
<tag>PageContent</tag>
<tag>Setter</tag>
<doc>Clears and fills the given ``txt`` into the text field found by ``selector``.</doc>
<msg timestamp="20221002 11:30:35.453" level="INFO">Fills the text 'papito@gmail.com' in the given field.</msg>
<status status="PASS" starttime="20221002 11:30:35.452" endtime="20221002 11:30:35.531"/>
</kw>
<kw name="Fill Text" library="Browser">
<arg>css=input[name=password]</arg>
<arg>abc123</arg>
<tag>PageContent</tag>
<tag>Setter</tag>
<doc>Clears and fills the given ``txt`` into the text field found by ``selector``.</doc>
<msg timestamp="20221002 11:30:35.532" level="INFO">Fills the text 'abc123' in the given field.</msg>
<status status="PASS" starttime="20221002 11:30:35.532" endtime="20221002 11:30:35.561"/>
</kw>
<kw name="Click" library="Browser">
<arg>css=button &gt;&gt; text=Entrar</arg>
<tag>PageContent</tag>
<tag>Setter</tag>
<doc>Simulates mouse click on the element found by ``selector``.</doc>
<status status="PASS" starttime="20221002 11:30:35.563" endtime="20221002 11:30:35.612"/>
</kw>
<kw name="Sleep" library="BuiltIn">
<arg>1</arg>
<doc>Pauses the test executed for the given time.</doc>
<msg timestamp="20221002 11:30:36.620" level="INFO">Slept 1 second</msg>
<status status="PASS" starttime="20221002 11:30:35.612" endtime="20221002 11:30:36.620"/>
</kw>
<kw name="Get Page Source" library="Browser">
<var>${temp}</var>
<tag>Assertion</tag>
<tag>Getter</tag>
<tag>PageContent</tag>
<doc>Gets pages HTML source as a string.</doc>
<msg timestamp="20221002 11:30:36.639" level="INFO">${temp} = &lt;!DOCTYPE html&gt;&lt;html lang="en"&gt;&lt;head&gt;&lt;meta charset="utf-8"&gt;&lt;meta name="viewport" content="width=device-width,initial-scale=1"&gt;&lt;meta name="theme-color" content="#000000"&gt;&lt;link rel="preconnect" href="ht...</msg>
<status status="PASS" starttime="20221002 11:30:36.623" endtime="20221002 11:30:36.639"/>
</kw>
<kw name="login">
<arg>${temp}</arg>
<msg timestamp="20221002 11:30:36.646" level="FAIL">No keyword with name 'login' found. Did you mean:
    BuiltIn.Log
    BuiltIn.Log Many</msg>
<status status="FAIL" starttime="20221002 11:30:36.646" endtime="20221002 11:30:36.647"/>
</kw>
<tag>inv_pass</tag>
<status status="FAIL" starttime="20221002 11:30:31.535" endtime="20221002 11:30:36.651">No keyword with name 'login' found. Did you mean:
    BuiltIn.Log
    BuiltIn.Log Many</status>
</test>
<doc>Login tests</doc>
<status status="FAIL" starttime="20221002 11:30:29.803" endtime="20221002 11:30:36.806"/>
</suite>
<statistics>
<total>
<stat pass="0" fail="1" skip="0">All Tests</stat>
</total>
<tag>
<stat pass="0" fail="1" skip="0">inv_pass</stat>
</tag>
<suite>
<stat pass="0" fail="1" skip="0" id="s1" name="Login">Login</stat>
</suite>
</statistics>
<errors>
</errors>
</robot>
