<?xml version="1.0" encoding="UTF-8"?>
<robot generator="Robot 5.0.1 (Python 3.10.7 on win32)" generated="20221010 22:39:43.305" rpa="false" schemaversion="3">
<suite id="s1" name="Login" source="C:\qaAcademy\vdt-season2\trade-sticker\tests\login.robot">
<test id="s1-t1" name="Deve logar com sucesso" line="11">
<kw name="Start Test" library="main" type="SETUP">
<kw name="New Browser" library="Browser">
<arg>headless=False</arg>
<tag>BrowserControl</tag>
<tag>Setter</tag>
<doc>Create a new playwright Browser with specified options.</doc>
<msg timestamp="20221010 22:39:44.652" level="INFO">{"browser": "chromium", "headless": false, "devtools": false, "handleSIGHUP": true, "handleSIGINT": true, "handleSIGTERM": true, "slowMo": 0.0, "timeout": 30000.0, "deprecated_pos_args": [], "tracesDir": "C:\\qaAcademy\\vdt-season2\\trade-sticker\\tests\\logs\\browser\\traces\\5dce802e-c777-4d53-be8d-85171e82194f"}</msg>
<msg timestamp="20221010 22:39:45.377" level="INFO">Successfully created browser with options: {"browser":"chromium","headless":false,"devtools":false,"handleSIGHUP":true,"handleSIGINT":true,"handleSIGTERM":true,"slowMo":0,"timeout":30000,"deprecated_pos_args":[],"tracesDir":"C:\\qaAcademy\\vdt-season2\\trade-sticker\\tests\\logs\\browser\\traces\\5dce802e-c777-4d53-be8d-85171e82194f"}</msg>
<status status="PASS" starttime="20221010 22:39:44.651" endtime="20221010 22:39:45.378"/>
</kw>
<status status="PASS" starttime="20221010 22:39:44.651" endtime="20221010 22:39:45.378"/>
</kw>
<kw name="Do Login" library="main">
<kw name="Go To Login Page" library="login">
<kw name="New Browser" library="Browser">
<arg>headless=False</arg>
<tag>BrowserControl</tag>
<tag>Setter</tag>
<doc>Create a new playwright Browser with specified options.</doc>
<msg timestamp="20221010 22:39:45.388" level="INFO">{"browser": "chromium", "headless": false, "devtools": false, "handleSIGHUP": true, "handleSIGINT": true, "handleSIGTERM": true, "slowMo": 0.0, "timeout": 30000.0, "deprecated_pos_args": [], "tracesDir": "C:\\qaAcademy\\vdt-season2\\trade-sticker\\tests\\logs\\browser\\traces\\66872e52-9563-4e94-b959-489d8ee23c83"}</msg>
<msg timestamp="20221010 22:39:46.182" level="INFO">Successfully created browser with options: {"browser":"chromium","headless":false,"devtools":false,"handleSIGHUP":true,"handleSIGINT":true,"handleSIGTERM":true,"slowMo":0,"timeout":30000,"deprecated_pos_args":[],"tracesDir":"C:\\qaAcademy\\vdt-season2\\trade-sticker\\tests\\logs\\browser\\traces\\66872e52-9563-4e94-b959-489d8ee23c83"}</msg>
<status status="PASS" starttime="20221010 22:39:45.387" endtime="20221010 22:39:46.182"/>
</kw>
<kw name="New Page" library="Browser">
<arg>https://trade-sticker-dev.vercel.app</arg>
<tag>BrowserControl</tag>
<tag>Setter</tag>
<doc>Open a new Page.</doc>
<msg timestamp="20221010 22:39:48.169" level="INFO">Successfully initialized new page object and opened url: https://trade-sticker-dev.vercel.app</msg>
<msg timestamp="20221010 22:39:48.169" level="INFO">No context was open. New context was automatically opened when this page is created.</msg>
<status status="PASS" starttime="20221010 22:39:46.183" endtime="20221010 22:39:48.170"/>
</kw>
<status status="PASS" starttime="20221010 22:39:45.386" endtime="20221010 22:39:48.170"/>
</kw>
<kw name="Submmit Credencials" library="login">
<arg>papito@gmail.com</arg>
<arg>vaibrasil</arg>
<kw name="Fill Text" library="Browser">
<arg>css=input[name=email]</arg>
<arg>${email}</arg>
<tag>PageContent</tag>
<tag>Setter</tag>
<doc>Clears and fills the given ``txt`` into the text field found by ``selector``.</doc>
<msg timestamp="20221010 22:39:48.172" level="INFO">Fills the text 'papito@gmail.com' in the given field.</msg>
<status status="PASS" starttime="20221010 22:39:48.172" endtime="20221010 22:39:48.232"/>
</kw>
<kw name="Fill Text" library="Browser">
<arg>css=input[name=password]</arg>
<arg>${password}</arg>
<tag>PageContent</tag>
<tag>Setter</tag>
<doc>Clears and fills the given ``txt`` into the text field found by ``selector``.</doc>
<msg timestamp="20221010 22:39:48.232" level="INFO">Fills the text 'vaibrasil' in the given field.</msg>
<status status="PASS" starttime="20221010 22:39:48.232" endtime="20221010 22:39:48.255"/>
</kw>
<kw name="Click" library="Browser">
<arg>css=button &gt;&gt; text=Entrar</arg>
<tag>PageContent</tag>
<tag>Setter</tag>
<doc>Simulates mouse click on the element found by ``selector``.</doc>
<status status="PASS" starttime="20221010 22:39:48.255" endtime="20221010 22:39:48.321"/>
</kw>
<status status="PASS" starttime="20221010 22:39:48.171" endtime="20221010 22:39:48.321"/>
</kw>
<kw name="User Logger In" library="dash">
<kw name="Set Variable" library="BuiltIn">
<var>${header_title}</var>
<arg>Aquela figurinha incrível a um clique de distância.</arg>
<doc>Returns the given values which can then be assigned to a variables.</doc>
<msg timestamp="20221010 22:39:48.323" level="INFO">${header_title} = Aquela figurinha incrível a um clique de distância.</msg>
<status status="PASS" starttime="20221010 22:39:48.322" endtime="20221010 22:39:48.323"/>
</kw>
<kw name="Get Text" library="Browser">
<arg>css=.header-content strong</arg>
<arg>equal</arg>
<arg>${header_title}</arg>
<tag>Assertion</tag>
<tag>Getter</tag>
<tag>PageContent</tag>
<doc>Returns text attribute of the element found by ``selector``.</doc>
<status status="PASS" starttime="20221010 22:39:48.323" endtime="20221010 22:39:48.358"/>
</kw>
<status status="PASS" starttime="20221010 22:39:48.322" endtime="20221010 22:39:48.358"/>
</kw>
<status status="PASS" starttime="20221010 22:39:45.386" endtime="20221010 22:39:48.359"/>
</kw>
<kw name="Finish Test" library="main" type="TEARDOWN">
<kw name="Take Screenshot" library="Browser">
<tag>PageContent</tag>
<doc>Takes a screenshot of the current window or element and saves it to disk.</doc>
<msg timestamp="20221010 22:39:48.697" level="INFO" html="true">&lt;/td&gt;&lt;/tr&gt;&lt;tr&gt;&lt;td colspan="3"&gt;&lt;a href="browser/screenshot/robotframework-browser-screenshot-1.png"&gt;&lt;img src="browser/screenshot/robotframework-browser-screenshot-1.png" width="800px"&gt;&lt;/a&gt;</msg>
<status status="PASS" starttime="20221010 22:39:48.360" endtime="20221010 22:39:48.697"/>
</kw>
<status status="PASS" starttime="20221010 22:39:48.360" endtime="20221010 22:39:48.698"/>
</kw>
<status status="PASS" starttime="20221010 22:39:44.648" endtime="20221010 22:39:48.699"/>
</test>
<test id="s1-t2" name="Não deve logar com a senha incorreta" line="15">
<kw name="Start Test" library="main" type="SETUP">
<kw name="New Browser" library="Browser">
<arg>headless=False</arg>
<tag>BrowserControl</tag>
<tag>Setter</tag>
<doc>Create a new playwright Browser with specified options.</doc>
<msg timestamp="20221010 22:39:48.817" level="INFO">{"browser": "chromium", "headless": false, "devtools": false, "handleSIGHUP": true, "handleSIGINT": true, "handleSIGTERM": true, "slowMo": 0.0, "timeout": 30000.0, "deprecated_pos_args": [], "tracesDir": "C:\\qaAcademy\\vdt-season2\\trade-sticker\\tests\\logs\\browser\\traces\\9cbd4745-b4d0-4040-94cd-5ddd9d71d5b4"}</msg>
<msg timestamp="20221010 22:39:49.507" level="INFO">Successfully created browser with options: {"browser":"chromium","headless":false,"devtools":false,"handleSIGHUP":true,"handleSIGINT":true,"handleSIGTERM":true,"slowMo":0,"timeout":30000,"deprecated_pos_args":[],"tracesDir":"C:\\qaAcademy\\vdt-season2\\trade-sticker\\tests\\logs\\browser\\traces\\9cbd4745-b4d0-4040-94cd-5ddd9d71d5b4"}</msg>
<status status="PASS" starttime="20221010 22:39:48.816" endtime="20221010 22:39:49.508"/>
</kw>
<status status="PASS" starttime="20221010 22:39:48.815" endtime="20221010 22:39:49.508"/>
</kw>
<kw name="Go To Login Page" library="login">
<kw name="New Browser" library="Browser">
<arg>headless=False</arg>
<tag>BrowserControl</tag>
<tag>Setter</tag>
<doc>Create a new playwright Browser with specified options.</doc>
<msg timestamp="20221010 22:39:49.517" level="INFO">{"browser": "chromium", "headless": false, "devtools": false, "handleSIGHUP": true, "handleSIGINT": true, "handleSIGTERM": true, "slowMo": 0.0, "timeout": 30000.0, "deprecated_pos_args": [], "tracesDir": "C:\\qaAcademy\\vdt-season2\\trade-sticker\\tests\\logs\\browser\\traces\\ff5aa289-d454-496a-9e65-eb880c6a33af"}</msg>
<msg timestamp="20221010 22:39:50.281" level="INFO">Successfully created browser with options: {"browser":"chromium","headless":false,"devtools":false,"handleSIGHUP":true,"handleSIGINT":true,"handleSIGTERM":true,"slowMo":0,"timeout":30000,"deprecated_pos_args":[],"tracesDir":"C:\\qaAcademy\\vdt-season2\\trade-sticker\\tests\\logs\\browser\\traces\\ff5aa289-d454-496a-9e65-eb880c6a33af"}</msg>
<status status="PASS" starttime="20221010 22:39:49.516" endtime="20221010 22:39:50.281"/>
</kw>
<kw name="New Page" library="Browser">
<arg>https://trade-sticker-dev.vercel.app</arg>
<tag>BrowserControl</tag>
<tag>Setter</tag>
<doc>Open a new Page.</doc>
<msg timestamp="20221010 22:39:51.392" level="INFO">Successfully initialized new page object and opened url: https://trade-sticker-dev.vercel.app</msg>
<msg timestamp="20221010 22:39:51.393" level="INFO">No context was open. New context was automatically opened when this page is created.</msg>
<status status="PASS" starttime="20221010 22:39:50.281" endtime="20221010 22:39:51.393"/>
</kw>
<status status="PASS" starttime="20221010 22:39:49.515" endtime="20221010 22:39:51.394"/>
</kw>
<kw name="Submmit Credencials" library="login">
<arg>papito@gmail.com</arg>
<arg>abc123</arg>
<kw name="Fill Text" library="Browser">
<arg>css=input[name=email]</arg>
<arg>${email}</arg>
<tag>PageContent</tag>
<tag>Setter</tag>
<doc>Clears and fills the given ``txt`` into the text field found by ``selector``.</doc>
<msg timestamp="20221010 22:39:51.396" level="INFO">Fills the text 'papito@gmail.com' in the given field.</msg>
<status status="PASS" starttime="20221010 22:39:51.396" endtime="20221010 22:39:51.453"/>
</kw>
<kw name="Fill Text" library="Browser">
<arg>css=input[name=password]</arg>
<arg>${password}</arg>
<tag>PageContent</tag>
<tag>Setter</tag>
<doc>Clears and fills the given ``txt`` into the text field found by ``selector``.</doc>
<msg timestamp="20221010 22:39:51.454" level="INFO">Fills the text 'abc123' in the given field.</msg>
<status status="PASS" starttime="20221010 22:39:51.454" endtime="20221010 22:39:51.481"/>
</kw>
<kw name="Click" library="Browser">
<arg>css=button &gt;&gt; text=Entrar</arg>
<tag>PageContent</tag>
<tag>Setter</tag>
<doc>Simulates mouse click on the element found by ``selector``.</doc>
<status status="PASS" starttime="20221010 22:39:51.482" endtime="20221010 22:39:51.551"/>
</kw>
<status status="PASS" starttime="20221010 22:39:51.395" endtime="20221010 22:39:51.551"/>
</kw>
<kw name="Toast Message Should Be" library="login">
<arg>Credenciais inválidas, tente novamente!</arg>
<kw name="Set Variable" library="BuiltIn">
<var>${locator}</var>
<arg>css=.Toastify__toast-body div &gt;&gt; text=${expected_message}</arg>
<doc>Returns the given values which can then be assigned to a variables.</doc>
<msg timestamp="20221010 22:39:51.553" level="INFO">${locator} = css=.Toastify__toast-body div &gt;&gt; text=Credenciais inválidas, tente novamente!</msg>
<status status="PASS" starttime="20221010 22:39:51.553" endtime="20221010 22:39:51.553"/>
</kw>
<kw name="Wait For Elements State" library="Browser">
<arg>${locator}</arg>
<arg>visible</arg>
<arg>3</arg>
<tag>PageContent</tag>
<tag>Wait</tag>
<doc>Waits for the element found by ``selector`` to satisfy state option.</doc>
<msg timestamp="20221010 22:39:51.568" level="INFO">Waited for Element with selector css=.Toastify__toast-body div &gt;&gt; text=Credenciais inválidas, tente novamente! at state visible</msg>
<status status="PASS" starttime="20221010 22:39:51.553" endtime="20221010 22:39:51.568"/>
</kw>
<status status="PASS" starttime="20221010 22:39:51.552" endtime="20221010 22:39:51.569"/>
</kw>
<kw name="Finish Test" library="main" type="TEARDOWN">
<kw name="Take Screenshot" library="Browser">
<tag>PageContent</tag>
<doc>Takes a screenshot of the current window or element and saves it to disk.</doc>
<msg timestamp="20221010 22:39:52.233" level="INFO" html="true">&lt;/td&gt;&lt;/tr&gt;&lt;tr&gt;&lt;td colspan="3"&gt;&lt;a href="browser/screenshot/robotframework-browser-screenshot-2.png"&gt;&lt;img src="browser/screenshot/robotframework-browser-screenshot-2.png" width="800px"&gt;&lt;/a&gt;</msg>
<status status="PASS" starttime="20221010 22:39:51.570" endtime="20221010 22:39:52.233"/>
</kw>
<status status="PASS" starttime="20221010 22:39:51.570" endtime="20221010 22:39:52.234"/>
</kw>
<status status="PASS" starttime="20221010 22:39:48.808" endtime="20221010 22:39:52.235"/>
</test>
<doc>Login tests</doc>
<status status="PASS" starttime="20221010 22:39:43.307" endtime="20221010 22:39:52.343"/>
</suite>
<statistics>
<total>
<stat pass="2" fail="0" skip="0">All Tests</stat>
</total>
<tag>
</tag>
<suite>
<stat pass="2" fail="0" skip="0" id="s1" name="Login">Login</stat>
</suite>
</statistics>
<errors>
</errors>
</robot>
