<?xml version="1.0" encoding="UTF-8"?>
<robot generator="Robot 5.0.1 (Python 3.10.7 on win32)" generated="20221010 20:54:05.946" rpa="false" schemaversion="3">
<suite id="s1" name="Login" source="C:\qaAcademy\vdt-season2\trade-sticker\tests\login.robot">
<test id="s1-t1" name="Deve logar com sucesso" line="8">
<kw name="Go To Login Page" library="login">
<kw name="New Browser" library="Browser">
<arg>headless=False</arg>
<tag>BrowserControl</tag>
<tag>Setter</tag>
<doc>Create a new playwright Browser with specified options.</doc>
<msg timestamp="20221010 20:54:08.225" level="INFO">{"browser": "chromium", "headless": false, "devtools": false, "handleSIGHUP": true, "handleSIGINT": true, "handleSIGTERM": true, "slowMo": 0.0, "timeout": 30000.0, "deprecated_pos_args": [], "tracesDir": "C:\\qaAcademy\\vdt-season2\\trade-sticker\\tests\\logs\\browser\\traces\\d641335c-a6b7-4754-b7d6-1bf4955354fb"}</msg>
<msg timestamp="20221010 20:54:10.037" level="INFO">Successfully created browser with options: {"browser":"chromium","headless":false,"devtools":false,"handleSIGHUP":true,"handleSIGINT":true,"handleSIGTERM":true,"slowMo":0,"timeout":30000,"deprecated_pos_args":[],"tracesDir":"C:\\qaAcademy\\vdt-season2\\trade-sticker\\tests\\logs\\browser\\traces\\d641335c-a6b7-4754-b7d6-1bf4955354fb"}</msg>
<status status="PASS" starttime="20221010 20:54:08.223" endtime="20221010 20:54:10.038"/>
</kw>
<kw name="New Page" library="Browser">
<arg>https://trade-sticker-dev.vercel.app</arg>
<tag>BrowserControl</tag>
<tag>Setter</tag>
<doc>Open a new Page.</doc>
<msg timestamp="20221010 20:54:12.050" level="INFO">Successfully initialized new page object and opened url: https://trade-sticker-dev.vercel.app</msg>
<msg timestamp="20221010 20:54:12.051" level="INFO">No context was open. New context was automatically opened when this page is created.</msg>
<status status="PASS" starttime="20221010 20:54:10.039" endtime="20221010 20:54:12.051"/>
</kw>
<status status="PASS" starttime="20221010 20:54:08.222" endtime="20221010 20:54:12.052"/>
</kw>
<kw name="Submmit Credencials" library="login">
<arg>papito@gmail.com</arg>
<arg>vaibrasil</arg>
<kw name="Fill Text" library="Browser">
<arg>css=input[name=email]</arg>
<arg>${email}</arg>
<tag>PageContent</tag>
<tag>Setter</tag>
<doc>Clears and fills the given ``txt`` into the text field found by ``selector``.</doc>
<msg timestamp="20221010 20:54:12.057" level="INFO">Fills the text 'papito@gmail.com' in the given field.</msg>
<status status="PASS" starttime="20221010 20:54:12.055" endtime="20221010 20:54:12.243"/>
</kw>
<kw name="Fill Text" library="Browser">
<arg>css=input[name=password]</arg>
<arg>${password}</arg>
<tag>PageContent</tag>
<tag>Setter</tag>
<doc>Clears and fills the given ``txt`` into the text field found by ``selector``.</doc>
<msg timestamp="20221010 20:54:12.244" level="INFO">Fills the text 'vaibrasil' in the given field.</msg>
<status status="PASS" starttime="20221010 20:54:12.244" endtime="20221010 20:54:12.318"/>
</kw>
<kw name="Click" library="Browser">
<arg>css=button &gt;&gt; text=Entrar</arg>
<tag>PageContent</tag>
<tag>Setter</tag>
<doc>Simulates mouse click on the element found by ``selector``.</doc>
<status status="PASS" starttime="20221010 20:54:12.319" endtime="20221010 20:54:12.466"/>
</kw>
<status status="PASS" starttime="20221010 20:54:12.054" endtime="20221010 20:54:12.467"/>
</kw>
<kw name="User Logger In" library="dash">
<kw name="Set Variable" library="BuiltIn">
<var>${header_title}</var>
<arg>Aquela figurinha incrível a um clique de distância.</arg>
<doc>Returns the given values which can then be assigned to a variables.</doc>
<msg timestamp="20221010 20:54:12.471" level="INFO">${header_title} = Aquela figurinha incrível a um clique de distância.</msg>
<status status="PASS" starttime="20221010 20:54:12.471" endtime="20221010 20:54:12.471"/>
</kw>
<kw name="Get Text" library="Browser">
<arg>css=.header-content strong</arg>
<arg>equal</arg>
<arg>${header_title}</arg>
<tag>Assertion</tag>
<tag>Getter</tag>
<tag>PageContent</tag>
<doc>Returns text attribute of the element found by ``selector``.</doc>
<status status="PASS" starttime="20221010 20:54:12.472" endtime="20221010 20:54:12.570"/>
</kw>
<status status="PASS" starttime="20221010 20:54:12.469" endtime="20221010 20:54:12.570"/>
</kw>
<status status="PASS" starttime="20221010 20:54:08.208" endtime="20221010 20:54:12.572"/>
</test>
<test id="s1-t2" name="Não deve logar com a senha incorreta" line="14">
<kw name="Go To Login Page" library="login">
<kw name="New Browser" library="Browser">
<arg>headless=False</arg>
<tag>BrowserControl</tag>
<tag>Setter</tag>
<doc>Create a new playwright Browser with specified options.</doc>
<msg timestamp="20221010 20:54:12.793" level="INFO">{"browser": "chromium", "headless": false, "devtools": false, "handleSIGHUP": true, "handleSIGINT": true, "handleSIGTERM": true, "slowMo": 0.0, "timeout": 30000.0, "deprecated_pos_args": [], "tracesDir": "C:\\qaAcademy\\vdt-season2\\trade-sticker\\tests\\logs\\browser\\traces\\b9a39dcf-e3b3-45ea-b47a-0c5bf77f30e9"}</msg>
<msg timestamp="20221010 20:54:14.266" level="INFO">Successfully created browser with options: {"browser":"chromium","headless":false,"devtools":false,"handleSIGHUP":true,"handleSIGINT":true,"handleSIGTERM":true,"slowMo":0,"timeout":30000,"deprecated_pos_args":[],"tracesDir":"C:\\qaAcademy\\vdt-season2\\trade-sticker\\tests\\logs\\browser\\traces\\b9a39dcf-e3b3-45ea-b47a-0c5bf77f30e9"}</msg>
<status status="PASS" starttime="20221010 20:54:12.789" endtime="20221010 20:54:14.266"/>
</kw>
<kw name="New Page" library="Browser">
<arg>https://trade-sticker-dev.vercel.app</arg>
<tag>BrowserControl</tag>
<tag>Setter</tag>
<doc>Open a new Page.</doc>
<msg timestamp="20221010 20:54:15.883" level="INFO">Successfully initialized new page object and opened url: https://trade-sticker-dev.vercel.app</msg>
<msg timestamp="20221010 20:54:15.883" level="INFO">No context was open. New context was automatically opened when this page is created.</msg>
<status status="PASS" starttime="20221010 20:54:14.266" endtime="20221010 20:54:15.883"/>
</kw>
<status status="PASS" starttime="20221010 20:54:12.788" endtime="20221010 20:54:15.884"/>
</kw>
<kw name="Submmit Credencials" library="login">
<arg>papito@gmail.com</arg>
<arg>abc123</arg>
<kw name="Fill Text" library="Browser">
<arg>css=input[name=email]</arg>
<arg>${email}</arg>
<tag>PageContent</tag>
<tag>Setter</tag>
<doc>Clears and fills the given ``txt`` into the text field found by ``selector``.</doc>
<msg timestamp="20221010 20:54:15.888" level="INFO">Fills the text 'papito@gmail.com' in the given field.</msg>
<status status="PASS" starttime="20221010 20:54:15.888" endtime="20221010 20:54:16.040"/>
</kw>
<kw name="Fill Text" library="Browser">
<arg>css=input[name=password]</arg>
<arg>${password}</arg>
<tag>PageContent</tag>
<tag>Setter</tag>
<doc>Clears and fills the given ``txt`` into the text field found by ``selector``.</doc>
<msg timestamp="20221010 20:54:16.043" level="INFO">Fills the text 'abc123' in the given field.</msg>
<status status="PASS" starttime="20221010 20:54:16.041" endtime="20221010 20:54:16.090"/>
</kw>
<kw name="Click" library="Browser">
<arg>css=button &gt;&gt; text=Entrar</arg>
<tag>PageContent</tag>
<tag>Setter</tag>
<doc>Simulates mouse click on the element found by ``selector``.</doc>
<status status="PASS" starttime="20221010 20:54:16.090" endtime="20221010 20:54:16.214"/>
</kw>
<status status="PASS" starttime="20221010 20:54:15.888" endtime="20221010 20:54:16.216"/>
</kw>
<kw name="Toast Message Should Be" library="login">
<arg>Credenciais inválidas, tente novamente!</arg>
<kw name="Set Variable" library="BuiltIn">
<var>${locator}</var>
<arg>css=.Toastify__toast-body div &gt;&gt; text=${expected_message}</arg>
<doc>Returns the given values which can then be assigned to a variables.</doc>
<msg timestamp="20221010 20:54:16.222" level="INFO">${locator} = css=.Toastify__toast-body div &gt;&gt; text=Credenciais inválidas, tente novamente!</msg>
<status status="PASS" starttime="20221010 20:54:16.221" endtime="20221010 20:54:16.222"/>
</kw>
<kw name="Wait For Elements State" library="Browser">
<arg>${locator}</arg>
<arg>visible</arg>
<arg>3</arg>
<tag>PageContent</tag>
<tag>Wait</tag>
<doc>Waits for the element found by ``selector`` to satisfy state option.</doc>
<msg timestamp="20221010 20:54:16.259" level="INFO">Waited for Element with selector css=.Toastify__toast-body div &gt;&gt; text=Credenciais inválidas, tente novamente! at state visible</msg>
<status status="PASS" starttime="20221010 20:54:16.223" endtime="20221010 20:54:16.259"/>
</kw>
<status status="PASS" starttime="20221010 20:54:16.219" endtime="20221010 20:54:16.260"/>
</kw>
<status status="PASS" starttime="20221010 20:54:12.777" endtime="20221010 20:54:16.263"/>
</test>
<doc>Login tests</doc>
<status status="PASS" starttime="20221010 20:54:05.952" endtime="20221010 20:54:16.423"/>
</suite>
<statistics>
<total>
<stat pass="2" fail="0" skip="0">All Tests</stat>
</total>
<tag>
</tag>
<suite>
<stat pass="2" fail="0" skip="0" id="s1" name="Login">Login</stat>
</suite>
</statistics>
<errors>
</errors>
</robot>
